AbenNane
AlloyRaven
Aloth
Amin
Andres
AngryZero
ArmandSharpey
Arvin
Askad
AugustusSladek
Bali
Bando
Benne
Bertin
ChromeCode
ChromeWizard
CriminalDoom
CyberRaven
CyrstalWeyer
DIHUnlimited
DariusHewett
DeviantGoddess
Elel
Enel
Eneleg
FastarGamgee
Fastinbr
Findire
Frica
Fundu
GeryFratcle
Gili
Gimli
Golure
Gwali
HamasDere
HeliaArys
HexCaster
Hone
HsuChay-Kee
IgohYorin
Ingorod
IntanUjin
Irin
ItonTomi
Ko-NakiIndustrialUnlimited
KoSu-Lai
KodaMiko
KuriSako
LadyStatic
LiHao-Wu
Linan
LindsyBreton
Loki
LuoBo-Ki
MagiSumi
Mali
Marget
MeraBorne
NagoKito
Namay
Nanain
NatalyaDucote
Nelladrie
Nemesis
NewtonAvant
NogaMisu
OmegaDevWorldIndustrial
OmegaTechMediaGlobal
Oni
Pearlia
PhisherKing
PrototekGmbH
Rewyn
Rowan
SakiServicesMultinational
SerialSwitch
ShennaGulsvig
ShiraObun
Shothubo
SteelGibson
Sumbril
TCDIndustrialMultinational
ThetaDevGlobalServices
Uhoggon
WillowDowe
Withuie
Woldt-MatsuTechnologyCorporation
XieHui-Kai
Yigguhog
Zigam
